[     8.563] 
X.Org X Server 1.17.2
Release Date: 2015-06-16
[     8.564] X Protocol Version 11, Revision 0
[     8.564] Build Operating System: Linux 4.0.4-2-ARCH x86_64 
[     8.564] Current Operating System: Linux empisPC 4.1.4-1-ARCH #1 SMP PREEMPT Mon Aug 3 21:30:37 UTC 2015 x86_64
[     8.564] Kernel command line: BOOT_IMAGE=/boot/vmlinuz-linux root=UUID=3704cf0e-4008-4db9-b4a8-ddd3582664cc rw quiet
[     8.564] Build Date: 17 July 2015  05:38:19PM
[     8.564]  
[     8.564] Current version of pixman: 0.32.6
[     8.564] 	Before reporting problems, check http://wiki.x.org
	to make sure that you have the latest version.
[     8.564] Markers: (--) probed, (**) from config file, (==) default setting,
	(++) from command line, (!!) notice, (II) informational,
	(WW) warning, (EE) error, (NI) not implemented, (??) unknown.
[     8.565] (==) Log file: "/home/empis/.local/share/xorg/Xorg.0.log", Time: Sun Aug  9 13:55:04 2015
[     8.567] (==) Using config file: "/etc/X11/xorg.conf"
[     8.567] (==) Using system config directory "/usr/share/X11/xorg.conf.d"
[     8.568] (==) ServerLayout "X.org Configured"
[     8.568] (**) |-->Screen "Screen0" (0)
[     8.568] (**) |   |-->Monitor "Monitor0"
[     8.569] (**) |   |-->Device "Card0"
[     8.569] (**) |-->Input Device "Mouse0"
[     8.569] (**) |-->Input Device "Keyboard0"
[     8.569] (==) Automatically adding devices
[     8.569] (==) Automatically enabling devices
[     8.569] (==) Automatically adding GPU devices
[     8.571] (WW) The directory "/usr/share/fonts/Type1/" does not exist.
[     8.571] 	Entry deleted from font path.
[     8.572] (WW) `fonts.dir' not found (or not valid) in "/usr/share/fonts/100dpi/".
[     8.572] 	Entry deleted from font path.
[     8.572] 	(Run 'mkfontdir' on "/usr/share/fonts/100dpi/").
[     8.572] (WW) `fonts.dir' not found (or not valid) in "/usr/share/fonts/75dpi/".
[     8.572] 	Entry deleted from font path.
[     8.572] 	(Run 'mkfontdir' on "/usr/share/fonts/75dpi/").
[     8.572] (WW) The directory "/usr/share/fonts/Type1/" does not exist.
[     8.572] 	Entry deleted from font path.
[     8.572] (WW) `fonts.dir' not found (or not valid) in "/usr/share/fonts/100dpi/".
[     8.572] 	Entry deleted from font path.
[     8.572] 	(Run 'mkfontdir' on "/usr/share/fonts/100dpi/").
[     8.572] (WW) `fonts.dir' not found (or not valid) in "/usr/share/fonts/75dpi/".
[     8.572] 	Entry deleted from font path.
[     8.572] 	(Run 'mkfontdir' on "/usr/share/fonts/75dpi/").
[     8.572] (**) FontPath set to:
	/usr/share/fonts/misc/,
	/usr/share/fonts/TTF/,
	/usr/share/fonts/OTF/,
	/usr/share/fonts/misc/,
	/usr/share/fonts/TTF/,
	/usr/share/fonts/OTF/
[     8.572] (**) ModulePath set to "/usr/lib/xorg/modules"
[     8.572] (WW) Hotplugging is on, devices using drivers 'kbd', 'mouse' or 'vmmouse' will be disabled.
[     8.572] (WW) Disabling Mouse0
[     8.572] (WW) Disabling Keyboard0
[     8.572] (II) Loader magic: 0x817d60
[     8.572] (II) Module ABI versions:
[     8.572] 	X.Org ANSI C Emulation: 0.4
[     8.572] 	X.Org Video Driver: 19.0
[     8.572] 	X.Org XInput driver : 21.1
[     8.572] 	X.Org Server Extension : 9.0
[     8.576] (II) systemd-logind: took control of session /org/freedesktop/login1/session/c1
[     8.578] (II) xfree86: Adding drm device (/dev/dri/card0)
[     8.578] (II) systemd-logind: got fd for /dev/dri/card0 226:0 fd 8 paused 0
[     8.581] (--) PCI:*(0:0:2:0) 8086:0126:17aa:21da rev 9, Mem @ 0xf0000000/4194304, 0xe0000000/268435456, I/O @ 0x00004000/64
[     8.581] (WW) Open ACPI failed (/var/run/acpid.socket) (No such file or directory)
[     8.581] (II) "glx" will be loaded. This was enabled by default and also specified in the config file.
[     8.581] (II) LoadModule: "glx"
[     8.583] (II) Loading /usr/lib/xorg/modules/extensions/libglx.so
[     8.595] (II) Module glx: vendor="X.Org Foundation"
[     8.595] 	compiled for 1.17.2, module version = 1.0.0
[     8.595] 	ABI class: X.Org Server Extension, version 9.0
[     8.595] (==) AIGLX enabled
[     8.595] (II) LoadModule: "intel"
[     8.595] (II) Loading /usr/lib/xorg/modules/drivers/intel_drv.so
[     8.599] (II) Module intel: vendor="X.Org Foundation"
[     8.599] 	compiled for 1.17.2, module version = 2.99.917
[     8.599] 	Module class: X.Org Video Driver
[     8.599] 	ABI class: X.Org Video Driver, version 19.0
[     8.599] (II) intel: Driver for Intel(R) Integrated Graphics Chipsets:
	i810, i810-dc100, i810e, i815, i830M, 845G, 854, 852GM/855GM, 865G,
	915G, E7221 (i915), 915GM, 945G, 945GM, 945GME, Pineview GM,
	Pineview G, 965G, G35, 965Q, 946GZ, 965GM, 965GME/GLE, G33, Q35, Q33,
	GM45, 4 Series, G45/G43, Q45/Q43, G41, B43
[     8.599] (II) intel: Driver for Intel(R) HD Graphics: 2000-6000
[     8.599] (II) intel: Driver for Intel(R) Iris(TM) Graphics: 5100, 6100
[     8.599] (II) intel: Driver for Intel(R) Iris(TM) Pro Graphics: 5200, 6200, P6300
[     8.599] (++) using VT number 1

[     8.599] (--) controlling tty is VT number 1, auto-enabling KeepTty
[     8.599] xf86EnableIOPorts: failed to set IOPL for I/O (Operation not permitted)
[     8.601] (II) intel(0): Using Kernel Mode Setting driver: i915, version 1.6.0 20150327
[     8.601] (II) intel(0): SNA compiled from 2.99.917-381-g5772556
[     8.602] (WW) VGA arbiter: cannot open kernel arbiter, no multi-card support
[     8.603] (--) intel(0): Integrated Graphics Chipset: Intel(R) HD Graphics 3000
[     8.603] (--) intel(0): CPU: x86-64, sse2, sse3, ssse3, sse4.1, sse4.2, avx; using a maximum of 2 threads
[     8.603] (==) intel(0): Depth 24, (--) framebuffer bpp 32
[     8.603] (==) intel(0): RGB weight 888
[     8.603] (==) intel(0): Default visual is TrueColor
[     8.603] (II) intel(0): Output LVDS1 using monitor section Monitor0
[     8.604] (--) intel(0): Found backlight control interface intel_backlight (type 'raw') for output LVDS1
[     8.604] (II) intel(0): Enabled output LVDS1
[     8.604] (II) intel(0): Output VGA1 has no monitor section
[     8.604] (II) intel(0): Enabled output VGA1
[     8.604] (II) intel(0): Output HDMI1 has no monitor section
[     8.604] (II) intel(0): Enabled output HDMI1
[     8.604] (II) intel(0): Output DP1 has no monitor section
[     8.604] (II) intel(0): Enabled output DP1
[     8.605] (II) intel(0): Output HDMI2 has no monitor section
[     8.605] (II) intel(0): Enabled output HDMI2
[     8.605] (II) intel(0): Output HDMI3 has no monitor section
[     8.605] (II) intel(0): Enabled output HDMI3
[     8.605] (II) intel(0): Output DP2 has no monitor section
[     8.605] (II) intel(0): Enabled output DP2
[     8.605] (II) intel(0): Output DP3 has no monitor section
[     8.605] (II) intel(0): Enabled output DP3
[     8.605] (--) intel(0): Using a maximum size of 256x256 for hardware cursors
[     8.605] (II) intel(0): Output VIRTUAL1 has no monitor section
[     8.605] (II) intel(0): Enabled output VIRTUAL1
[     8.605] (--) intel(0): Output LVDS1 using initial mode 1366x768 on pipe 0
[     8.605] (==) intel(0): TearFree disabled
[     8.605] (==) intel(0): DPI set to (96, 96)
[     8.605] (II) Loading sub module "dri2"
[     8.605] (II) LoadModule: "dri2"
[     8.605] (II) Module "dri2" already built-in
[     8.605] (II) Loading sub module "present"
[     8.605] (II) LoadModule: "present"
[     8.605] (II) Module "present" already built-in
[     8.606] (==) Depth 24 pixmap format is 32 bpp
[     8.610] (II) intel(0): SNA initialized with Sandybridge (gen6, gt2) backend
[     8.610] (==) intel(0): Backing store enabled
[     8.610] (==) intel(0): Silken mouse enabled
[     8.611] (II) intel(0): HW Cursor enabled
[     8.611] (II) intel(0): RandR 1.2 enabled, ignore the following RandR disabled message.
[     8.612] (==) intel(0): DPMS enabled
[     8.612] (==) intel(0): Display hotplug detection enabled
[     8.612] (II) intel(0): [DRI2] Setup complete
[     8.612] (II) intel(0): [DRI2]   DRI driver: i965
[     8.612] (II) intel(0): [DRI2]   VDPAU driver: va_gl
[     8.612] (II) intel(0): direct rendering: DRI2 enabled
[     8.612] (II) intel(0): hardware support for Present enabled
[     8.612] (--) RandR disabled
[     8.678] (II) AIGLX: enabled GLX_MESA_copy_sub_buffer
[     8.678] (II) AIGLX: enabled GLX_ARB_create_context
[     8.678] (II) AIGLX: enabled GLX_ARB_create_context_profile
[     8.678] (II) AIGLX: enabled GLX_EXT_create_context_es2_profile
[     8.678] (II) AIGLX: enabled GLX_INTEL_swap_event
[     8.678] (II) AIGLX: enabled GLX_SGI_swap_control and GLX_MESA_swap_control
[     8.678] (II) AIGLX: enabled GLX_EXT_framebuffer_sRGB
[     8.678] (II) AIGLX: enabled GLX_ARB_fbconfig_float
[     8.678] (II) AIGLX: GLX_EXT_texture_from_pixmap backed by buffer objects
[     8.678] (II) AIGLX: enabled GLX_ARB_create_context_robustness
[     8.678] (II) AIGLX: Loaded and initialized i965
[     8.678] (II) GLX: Initialized DRI2 GL provider for screen 0
[     8.682] (II) intel(0): switch to mode 1366x768@60.0 on LVDS1 using pipe 0, position (0, 0), rotation normal, reflection none
[     8.682] (II) intel(0): Setting screen physical size to 361 x 203
[     8.788] (II) config/udev: Adding input device Power Button (/dev/input/event3)
[     8.788] (**) Power Button: Applying InputClass "evdev keyboard catchall"
[     8.788] (II) LoadModule: "evdev"
[     8.788] (II) Loading /usr/lib/xorg/modules/input/evdev_drv.so
[     8.791] (II) Module evdev: vendor="X.Org Foundation"
[     8.791] 	compiled for 1.17.1, module version = 2.9.2
[     8.791] 	Module class: X.Org XInput Driver
[     8.791] 	ABI class: X.Org XInput driver, version 21.0
[     8.792] (II) systemd-logind: got fd for /dev/input/event3 13:67 fd 12 paused 0
[     8.792] (II) Using input driver 'evdev' for 'Power Button'
[     8.792] (**) Power Button: always reports core events
[     8.792] (**) evdev: Power Button: Device: "/dev/input/event3"
[     8.793] (--) evdev: Power Button: Vendor 0 Product 0x1
[     8.793] (--) evdev: Power Button: Found keys
[     8.793] (II) evdev: Power Button: Configuring as keyboard
[     8.793] (**) Option "config_info" "udev:/sys/devices/LNXSYSTM:00/LNXPWRBN:00/input/input4/event3"
[     8.793] (II) XINPUT: Adding extended input device "Power Button" (type: KEYBOARD, id 6)
[     8.793] (**) Option "xkb_rules" "evdev"
[     8.793] (**) Option "xkb_model" "pc104"
[     8.793] (**) Option "xkb_layout" "sk"
[     8.841] (II) config/udev: Adding input device Video Bus (/dev/input/event7)
[     8.841] (**) Video Bus: Applying InputClass "evdev keyboard catchall"
[     8.842] (II) systemd-logind: got fd for /dev/input/event7 13:71 fd 13 paused 0
[     8.842] (II) Using input driver 'evdev' for 'Video Bus'
[     8.842] (**) Video Bus: always reports core events
[     8.842] (**) evdev: Video Bus: Device: "/dev/input/event7"
[     8.842] (--) evdev: Video Bus: Vendor 0 Product 0x6
[     8.842] (--) evdev: Video Bus: Found keys
[     8.842] (II) evdev: Video Bus: Configuring as keyboard
[     8.842] (**) Option "config_info" "udev:/sys/devices/LNXSYSTM:00/LNXSYBUS:00/PNP0A08:00/LNXVIDEO:00/input/input16/event7"
[     8.842] (II) XINPUT: Adding extended input device "Video Bus" (type: KEYBOARD, id 7)
[     8.842] (**) Option "xkb_rules" "evdev"
[     8.842] (**) Option "xkb_model" "pc104"
[     8.842] (**) Option "xkb_layout" "sk"
[     8.844] (II) config/udev: Adding input device Lid Switch (/dev/input/event1)
[     8.844] (II) No input driver specified, ignoring this device.
[     8.844] (II) This device may have been added with another device file.
[     8.844] (II) config/udev: Adding input device Sleep Button (/dev/input/event2)
[     8.844] (**) Sleep Button: Applying InputClass "evdev keyboard catchall"
[     8.845] (II) systemd-logind: got fd for /dev/input/event2 13:66 fd 14 paused 0
[     8.845] (II) Using input driver 'evdev' for 'Sleep Button'
[     8.845] (**) Sleep Button: always reports core events
[     8.845] (**) evdev: Sleep Button: Device: "/dev/input/event2"
[     8.845] (--) evdev: Sleep Button: Vendor 0 Product 0x3
[     8.845] (--) evdev: Sleep Button: Found keys
[     8.845] (II) evdev: Sleep Button: Configuring as keyboard
[     8.845] (**) Option "config_info" "udev:/sys/devices/LNXSYSTM:00/LNXSYBUS:00/PNP0C0E:00/input/input3/event2"
[     8.845] (II) XINPUT: Adding extended input device "Sleep Button" (type: KEYBOARD, id 8)
[     8.845] (**) Option "xkb_rules" "evdev"
[     8.845] (**) Option "xkb_model" "pc104"
[     8.845] (**) Option "xkb_layout" "sk"
[     8.848] (II) config/udev: Adding input device HDA Intel PCH Dock Mic (/dev/input/event9)
[     8.848] (II) No input driver specified, ignoring this device.
[     8.848] (II) This device may have been added with another device file.
[     8.848] (II) config/udev: Adding input device HDA Intel PCH Dock Headphone (/dev/input/event10)
[     8.848] (II) No input driver specified, ignoring this device.
[     8.848] (II) This device may have been added with another device file.
[     8.849] (II) config/udev: Adding input device HDA Intel PCH Headphone (/dev/input/event11)
[     8.849] (II) No input driver specified, ignoring this device.
[     8.849] (II) This device may have been added with another device file.
[     8.849] (II) config/udev: Adding input device HDA Intel PCH HDMI/DP,pcm=3 (/dev/input/event12)
[     8.849] (II) No input driver specified, ignoring this device.
[     8.849] (II) This device may have been added with another device file.
[     8.850] (II) config/udev: Adding input device HDA Intel PCH HDMI/DP,pcm=7 (/dev/input/event13)
[     8.850] (II) No input driver specified, ignoring this device.
[     8.850] (II) This device may have been added with another device file.
[     8.850] (II) config/udev: Adding input device HDA Intel PCH HDMI/DP,pcm=8 (/dev/input/event14)
[     8.850] (II) No input driver specified, ignoring this device.
[     8.850] (II) This device may have been added with another device file.
[     8.851] (II) config/udev: Adding input device HDA Digital PCBeep (/dev/input/event6)
[     8.851] (II) No input driver specified, ignoring this device.
[     8.851] (II) This device may have been added with another device file.
[     8.851] (II) config/udev: Adding input device HDA Intel PCH Mic (/dev/input/event8)
[     8.851] (II) No input driver specified, ignoring this device.
[     8.851] (II) This device may have been added with another device file.
[     8.852] (II) config/udev: Adding input device AT Translated Set 2 keyboard (/dev/input/event0)
[     8.852] (**) AT Translated Set 2 keyboard: Applying InputClass "evdev keyboard catchall"
[     8.853] (II) systemd-logind: got fd for /dev/input/event0 13:64 fd 15 paused 0
[     8.853] (II) Using input driver 'evdev' for 'AT Translated Set 2 keyboard'
[     8.853] (**) AT Translated Set 2 keyboard: always reports core events
[     8.853] (**) evdev: AT Translated Set 2 keyboard: Device: "/dev/input/event0"
[     8.853] (--) evdev: AT Translated Set 2 keyboard: Vendor 0x1 Product 0x1
[     8.853] (--) evdev: AT Translated Set 2 keyboard: Found keys
[     8.853] (II) evdev: AT Translated Set 2 keyboard: Configuring as keyboard
[     8.853] (**) Option "config_info" "udev:/sys/devices/platform/i8042/serio0/input/input0/event0"
[     8.853] (II) XINPUT: Adding extended input device "AT Translated Set 2 keyboard" (type: KEYBOARD, id 9)
[     8.853] (**) Option "xkb_rules" "evdev"
[     8.853] (**) Option "xkb_model" "pc104"
[     8.854] (**) Option "xkb_layout" "sk"
[     8.855] (II) config/udev: Adding input device SynPS/2 Synaptics TouchPad (/dev/input/event15)
[     8.855] (**) SynPS/2 Synaptics TouchPad: Applying InputClass "evdev touchpad catchall"
[     8.855] (**) SynPS/2 Synaptics TouchPad: Applying InputClass "touchpad catchall"
[     8.855] (**) SynPS/2 Synaptics TouchPad: Applying InputClass "Default clickpad buttons"
[     8.855] (II) LoadModule: "synaptics"
[     8.855] (II) Loading /usr/lib/xorg/modules/input/synaptics_drv.so
[     8.856] (II) Module synaptics: vendor="X.Org Foundation"
[     8.856] 	compiled for 1.17.1, module version = 1.8.2
[     8.856] 	Module class: X.Org XInput Driver
[     8.856] 	ABI class: X.Org XInput driver, version 21.0
[     8.857] (II) systemd-logind: got fd for /dev/input/event15 13:79 fd 16 paused 0
[     8.857] (II) Using input driver 'synaptics' for 'SynPS/2 Synaptics TouchPad'
[     8.857] (**) SynPS/2 Synaptics TouchPad: always reports core events
[     8.857] (**) Option "Device" "/dev/input/event15"
[     8.917] (II) synaptics: SynPS/2 Synaptics TouchPad: found clickpad property
[     8.917] (--) synaptics: SynPS/2 Synaptics TouchPad: x-axis range 1472 - 5472 (res 75)
[     8.917] (--) synaptics: SynPS/2 Synaptics TouchPad: y-axis range 1408 - 4448 (res 129)
[     8.917] (--) synaptics: SynPS/2 Synaptics TouchPad: pressure range 0 - 255
[     8.917] (--) synaptics: SynPS/2 Synaptics TouchPad: finger width range 0 - 15
[     8.917] (--) synaptics: SynPS/2 Synaptics TouchPad: buttons: left double triple
[     8.917] (--) synaptics: SynPS/2 Synaptics TouchPad: Vendor 0x2 Product 0x7
[     8.917] (**) Option "TapButton1" "1"
[     8.917] (**) Option "TapButton2" "2"
[     8.917] (**) Option "TapButton3" "3"
[     8.917] (**) Option "SoftButtonAreas" "50% 0 82% 0 0 0 0 0"
[     8.917] (--) synaptics: SynPS/2 Synaptics TouchPad: touchpad found
[     8.917] (**) SynPS/2 Synaptics TouchPad: always reports core events
[     8.917] (**) Option "config_info" "udev:/sys/devices/platform/i8042/serio1/input/input7/event15"
[     8.917] (II) XINPUT: Adding extended input device "SynPS/2 Synaptics TouchPad" (type: TOUCHPAD, id 10)
[     8.917] (**) synaptics: SynPS/2 Synaptics TouchPad: (accel) MinSpeed is now constant deceleration 2.5
[     8.917] (**) synaptics: SynPS/2 Synaptics TouchPad: (accel) MaxSpeed is now 1.75
[     8.917] (**) synaptics: SynPS/2 Synaptics TouchPad: (accel) AccelFactor is now 0.040
[     8.918] (**) SynPS/2 Synaptics TouchPad: (accel) keeping acceleration scheme 1
[     8.918] (**) SynPS/2 Synaptics TouchPad: (accel) acceleration profile 1
[     8.918] (**) SynPS/2 Synaptics TouchPad: (accel) acceleration factor: 2.000
[     8.918] (**) SynPS/2 Synaptics TouchPad: (accel) acceleration threshold: 4
[     8.918] (--) synaptics: SynPS/2 Synaptics TouchPad: touchpad found
[     8.919] (II) config/udev: Adding input device SynPS/2 Synaptics TouchPad (/dev/input/mouse0)
[     8.919] (**) SynPS/2 Synaptics TouchPad: Ignoring device from InputClass "touchpad ignore duplicates"
[     8.920] (II) config/udev: Adding input device TPPS/2 IBM TrackPoint (/dev/input/event16)
[     8.920] (**) TPPS/2 IBM TrackPoint: Applying InputClass "evdev pointer catchall"
[     8.921] (II) systemd-logind: got fd for /dev/input/event16 13:80 fd 17 paused 0
[     8.921] (II) Using input driver 'evdev' for 'TPPS/2 IBM TrackPoint'
[     8.921] (**) TPPS/2 IBM TrackPoint: always reports core events
[     8.921] (**) evdev: TPPS/2 IBM TrackPoint: Device: "/dev/input/event16"
[     8.921] (--) evdev: TPPS/2 IBM TrackPoint: Vendor 0x2 Product 0xa
[     8.921] (--) evdev: TPPS/2 IBM TrackPoint: Found 3 mouse buttons
[     8.921] (--) evdev: TPPS/2 IBM TrackPoint: Found relative axes
[     8.921] (--) evdev: TPPS/2 IBM TrackPoint: Found x and y relative axes
[     8.922] (II) evdev: TPPS/2 IBM TrackPoint: Configuring as mouse
[     8.922] (**) evdev: TPPS/2 IBM TrackPoint: YAxisMapping: buttons 4 and 5
[     8.922] (**) evdev: TPPS/2 IBM TrackPoint: EmulateWheelButton: 4, EmulateWheelInertia: 10, EmulateWheelTimeout: 200
[     8.922] (**) Option "config_info" "udev:/sys/devices/platform/i8042/serio1/serio2/input/input17/event16"
[     8.922] (II) XINPUT: Adding extended input device "TPPS/2 IBM TrackPoint" (type: MOUSE, id 11)
[     8.922] (II) evdev: TPPS/2 IBM TrackPoint: initialized for relative axes.
[     8.922] (**) TPPS/2 IBM TrackPoint: (accel) keeping acceleration scheme 1
[     8.922] (**) TPPS/2 IBM TrackPoint: (accel) acceleration profile 0
[     8.922] (**) TPPS/2 IBM TrackPoint: (accel) acceleration factor: 2.000
[     8.922] (**) TPPS/2 IBM TrackPoint: (accel) acceleration threshold: 4
[     8.923] (II) config/udev: Adding input device TPPS/2 IBM TrackPoint (/dev/input/mouse1)
[     8.923] (II) No input driver specified, ignoring this device.
[     8.923] (II) This device may have been added with another device file.
[     8.924] (II) config/udev: Adding input device PC Speaker (/dev/input/event5)
[     8.924] (II) No input driver specified, ignoring this device.
[     8.924] (II) This device may have been added with another device file.
[     8.925] (II) config/udev: Adding input device ThinkPad Extra Buttons (/dev/input/event4)
[     8.926] (**) ThinkPad Extra Buttons: Applying InputClass "evdev keyboard catchall"
[     8.927] (II) systemd-logind: got fd for /dev/input/event4 13:68 fd 18 paused 0
[     8.927] (II) Using input driver 'evdev' for 'ThinkPad Extra Buttons'
[     8.927] (**) ThinkPad Extra Buttons: always reports core events
[     8.927] (**) evdev: ThinkPad Extra Buttons: Device: "/dev/input/event4"
[     8.927] (--) evdev: ThinkPad Extra Buttons: Vendor 0x17aa Product 0x5054
[     8.927] (--) evdev: ThinkPad Extra Buttons: Found keys
[     8.927] (II) evdev: ThinkPad Extra Buttons: Configuring as keyboard
[     8.927] (**) Option "config_info" "udev:/sys/devices/platform/thinkpad_acpi/input/input5/event4"
[     8.927] (II) XINPUT: Adding extended input device "ThinkPad Extra Buttons" (type: KEYBOARD, id 12)
[     8.927] (**) Option "xkb_rules" "evdev"
[     8.927] (**) Option "xkb_model" "pc104"
[     8.927] (**) Option "xkb_layout" "sk"
[     8.943] (II) config/udev: removing device TPPS/2 IBM TrackPoint
[     8.944] (II) evdev: TPPS/2 IBM TrackPoint: Close
[     8.944] (II) UnloadModule: "evdev"
[     8.944] (II) systemd-logind: releasing fd for 13:80
[     8.997] (II) config/udev: Adding input device TPPS/2 IBM TrackPoint (/dev/input/event16)
[     8.997] (**) TPPS/2 IBM TrackPoint: Applying InputClass "evdev pointer catchall"
[     8.998] (II) systemd-logind: got fd for /dev/input/event16 13:80 fd 11 paused 0
[     8.998] (II) Using input driver 'evdev' for 'TPPS/2 IBM TrackPoint'
[     8.998] (**) TPPS/2 IBM TrackPoint: always reports core events
[     8.998] (**) evdev: TPPS/2 IBM TrackPoint: Device: "/dev/input/event16"
[     8.998] (--) evdev: TPPS/2 IBM TrackPoint: Vendor 0x2 Product 0xa
[     8.998] (--) evdev: TPPS/2 IBM TrackPoint: Found 3 mouse buttons
[     8.998] (--) evdev: TPPS/2 IBM TrackPoint: Found relative axes
[     8.998] (--) evdev: TPPS/2 IBM TrackPoint: Found x and y relative axes
[     8.998] (II) evdev: TPPS/2 IBM TrackPoint: Configuring as mouse
[     8.998] (**) evdev: TPPS/2 IBM TrackPoint: YAxisMapping: buttons 4 and 5
[     8.998] (**) evdev: TPPS/2 IBM TrackPoint: EmulateWheelButton: 4, EmulateWheelInertia: 10, EmulateWheelTimeout: 200
[     8.999] (**) Option "config_info" "udev:/sys/devices/platform/i8042/serio1/serio2/input/input17/event16"
[     8.999] (II) XINPUT: Adding extended input device "TPPS/2 IBM TrackPoint" (type: MOUSE, id 11)
[     8.999] (II) evdev: TPPS/2 IBM TrackPoint: initialized for relative axes.
[     8.999] (**) TPPS/2 IBM TrackPoint: (accel) keeping acceleration scheme 1
[     8.999] (**) TPPS/2 IBM TrackPoint: (accel) acceleration profile 0
[     8.999] (**) TPPS/2 IBM TrackPoint: (accel) acceleration factor: 2.000
[     8.999] (**) TPPS/2 IBM TrackPoint: (accel) acceleration threshold: 4
[     9.050] (II) intel(0): EDID vendor "SEC", prod id 12359
[     9.050] (II) intel(0): Printing DDC gathered Modelines:
[     9.050] (II) intel(0): Modeline "1366x768"x0.0   74.80  1366 1414 1446 1578  768 770 775 790 -hsync -vsync (47.4 kHz eP)
